Wed Apr 28 06:35:59 -0500 2010 --- debug: Input Library initialized
Wed Apr 28 06:35:59 -0500 2010 --- debug: Picombo Setup Complete
Wed Apr 28 06:35:59 -0500 2010 --- debug: Input Library initialized
Wed Apr 28 06:35:59 -0500 2010 --- debug: Picombo Setup Complete
Wed Apr 28 06:36:33 -0500 2010 --- debug: Input Library initialized
Wed Apr 28 06:36:33 -0500 2010 --- debug: Picombo Setup Complete
Wed Apr 28 06:36:33 -0500 2010 --- debug: Input Library initialized
Wed Apr 28 06:36:33 -0500 2010 --- debug: Picombo Setup Complete
Wed Apr 28 06:36:59 -0500 2010 --- debug: Input Library initialized
Wed Apr 28 06:36:59 -0500 2010 --- debug: Picombo Setup Complete
Wed Apr 28 06:36:59 -0500 2010 --- debug: Input Library initialized
Wed Apr 28 06:36:59 -0500 2010 --- debug: Picombo Setup Complete
Wed Apr 28 06:37:26 -0500 2010 --- debug: Input Library initialized
Wed Apr 28 06:37:26 -0500 2010 --- debug: Picombo Setup Complete
Wed Apr 28 06:37:26 -0500 2010 --- debug: Input Library initialized
Wed Apr 28 06:37:26 -0500 2010 --- debug: Picombo Setup Complete
Wed Apr 28 06:37:38 -0500 2010 --- debug: Input Library initialized
Wed Apr 28 06:37:38 -0500 2010 --- debug: Picombo Setup Complete
Wed Apr 28 06:37:38 -0500 2010 --- debug: Input Library initialized
Wed Apr 28 06:37:38 -0500 2010 --- debug: Picombo Setup Complete
Wed Apr 28 06:38:47 -0500 2010 --- debug: Input Library initialized
Wed Apr 28 06:38:47 -0500 2010 --- debug: Picombo Setup Complete
Wed Apr 28 06:38:47 -0500 2010 --- debug: Input Library initialized
Wed Apr 28 06:38:47 -0500 2010 --- debug: Picombo Setup Complete
Wed Apr 28 06:39:02 -0500 2010 --- debug: Input Library initialized
Wed Apr 28 06:39:02 -0500 2010 --- debug: Picombo Setup Complete
Wed Apr 28 06:39:02 -0500 2010 --- debug: Input Library initialized
Wed Apr 28 06:39:02 -0500 2010 --- debug: Picombo Setup Complete
Wed Apr 28 06:39:43 -0500 2010 --- debug: Input Library initialized
Wed Apr 28 06:39:43 -0500 2010 --- debug: Picombo Setup Complete
Wed Apr 28 06:39:43 -0500 2010 --- debug: Input Library initialized
Wed Apr 28 06:39:43 -0500 2010 --- debug: Picombo Setup Complete
Wed Apr 28 06:40:50 -0500 2010 --- debug: Input Library initialized
Wed Apr 28 06:40:50 -0500 2010 --- debug: Picombo Setup Complete
Wed Apr 28 06:40:50 -0500 2010 --- debug: Input Library initialized
Wed Apr 28 06:40:50 -0500 2010 --- debug: Picombo Setup Complete
Wed Apr 28 06:41:14 -0500 2010 --- debug: Input Library initialized
Wed Apr 28 06:41:14 -0500 2010 --- debug: Picombo Setup Complete
Wed Apr 28 06:41:14 -0500 2010 --- debug: Input Library initialized
Wed Apr 28 06:41:14 -0500 2010 --- debug: Picombo Setup Complete
Wed Apr 28 06:41:45 -0500 2010 --- debug: Input Library initialized
Wed Apr 28 06:41:45 -0500 2010 --- debug: Picombo Setup Complete
Wed Apr 28 06:41:45 -0500 2010 --- debug: Input Library initialized
Wed Apr 28 06:41:45 -0500 2010 --- debug: Picombo Setup Complete
Wed Apr 28 06:41:54 -0500 2010 --- debug: Input Library initialized
Wed Apr 28 06:41:54 -0500 2010 --- debug: Picombo Setup Complete
Wed Apr 28 06:41:54 -0500 2010 --- debug: Input Library initialized
Wed Apr 28 06:41:54 -0500 2010 --- debug: Picombo Setup Complete
Wed Apr 28 06:42:21 -0500 2010 --- debug: Input Library initialized
Wed Apr 28 06:42:21 -0500 2010 --- debug: Picombo Setup Complete
Wed Apr 28 06:42:21 -0500 2010 --- debug: Input Library initialized
Wed Apr 28 06:42:21 -0500 2010 --- debug: Picombo Setup Complete
Wed Apr 28 06:42:49 -0500 2010 --- debug: Input Library initialized
Wed Apr 28 06:42:49 -0500 2010 --- debug: Picombo Setup Complete
Wed Apr 28 06:42:49 -0500 2010 --- debug: Input Library initialized
Wed Apr 28 06:42:49 -0500 2010 --- debug: Picombo Setup Complete
Wed Apr 28 06:43:19 -0500 2010 --- debug: Input Library initialized
Wed Apr 28 06:43:19 -0500 2010 --- debug: Picombo Setup Complete
Wed Apr 28 06:43:19 -0500 2010 --- debug: Input Library initialized
Wed Apr 28 06:43:19 -0500 2010 --- debug: Picombo Setup Complete
Wed Apr 28 06:43:53 -0500 2010 --- debug: Input Library initialized
Wed Apr 28 06:43:53 -0500 2010 --- debug: Picombo Setup Complete
Wed Apr 28 06:43:53 -0500 2010 --- debug: Input Library initialized
Wed Apr 28 06:43:53 -0500 2010 --- debug: Picombo Setup Complete
Wed Apr 28 06:44:16 -0500 2010 --- debug: Input Library initialized
Wed Apr 28 06:44:16 -0500 2010 --- debug: Picombo Setup Complete
Wed Apr 28 06:44:16 -0500 2010 --- debug: Input Library initialized
Wed Apr 28 06:44:16 -0500 2010 --- debug: Picombo Setup Complete
Wed Apr 28 06:44:19 -0500 2010 --- debug: Input Library initialized
Wed Apr 28 06:44:19 -0500 2010 --- debug: Picombo Setup Complete
Wed Apr 28 06:44:21 -0500 2010 --- debug: Input Library initialized
Wed Apr 28 06:44:21 -0500 2010 --- debug: Picombo Setup Complete
Wed Apr 28 06:44:22 -0500 2010 --- debug: Input Library initialized
Wed Apr 28 06:44:22 -0500 2010 --- debug: Picombo Setup Complete
Wed Apr 28 06:44:24 -0500 2010 --- debug: Input Library initialized
Wed Apr 28 06:44:24 -0500 2010 --- debug: Picombo Setup Complete
Wed Apr 28 06:47:23 -0500 2010 --- debug: Input Library initialized
Wed Apr 28 06:47:23 -0500 2010 --- debug: Picombo Setup Complete
Wed Apr 28 06:47:36 -0500 2010 --- debug: Input Library initialized
Wed Apr 28 06:47:36 -0500 2010 --- debug: Picombo Setup Complete
Wed Apr 28 06:47:36 -0500 2010 --- debug: Input Library initialized
Wed Apr 28 06:47:36 -0500 2010 --- debug: Picombo Setup Complete
Wed Apr 28 06:47:41 -0500 2010 --- debug: Input Library initialized
Wed Apr 28 06:47:41 -0500 2010 --- debug: Picombo Setup Complete
Wed Apr 28 06:47:41 -0500 2010 --- debug: Input Library initialized
Wed Apr 28 06:47:41 -0500 2010 --- debug: Picombo Setup Complete
Wed Apr 28 06:48:02 -0500 2010 --- debug: Input Library initialized
Wed Apr 28 06:48:02 -0500 2010 --- debug: Picombo Setup Complete
Wed Apr 28 06:48:02 -0500 2010 --- debug: Input Library initialized
Wed Apr 28 06:48:02 -0500 2010 --- debug: Picombo Setup Complete
Wed Apr 28 06:48:09 -0500 2010 --- debug: Input Library initialized
Wed Apr 28 06:48:09 -0500 2010 --- debug: Picombo Setup Complete
Wed Apr 28 06:48:09 -0500 2010 --- debug: Input Library initialized
Wed Apr 28 06:48:09 -0500 2010 --- debug: Picombo Setup Complete
Wed Apr 28 06:48:20 -0500 2010 --- debug: Input Library initialized
Wed Apr 28 06:48:20 -0500 2010 --- debug: Picombo Setup Complete
Wed Apr 28 06:48:20 -0500 2010 --- debug: Input Library initialized
Wed Apr 28 06:48:20 -0500 2010 --- debug: Picombo Setup Complete
Wed Apr 28 06:48:24 -0500 2010 --- debug: Input Library initialized
Wed Apr 28 06:48:24 -0500 2010 --- debug: Picombo Setup Complete
Wed Apr 28 06:48:24 -0500 2010 --- debug: Input Library initialized
Wed Apr 28 06:48:24 -0500 2010 --- debug: Picombo Setup Complete
Wed Apr 28 06:49:11 -0500 2010 --- debug: Input Library initialized
Wed Apr 28 06:49:11 -0500 2010 --- debug: Picombo Setup Complete
Wed Apr 28 06:49:11 -0500 2010 --- debug: Input Library initialized
Wed Apr 28 06:49:11 -0500 2010 --- debug: Picombo Setup Complete
Wed Apr 28 06:51:02 -0500 2010 --- debug: Input Library initialized
Wed Apr 28 06:51:02 -0500 2010 --- debug: Picombo Setup Complete
Wed Apr 28 06:51:02 -0500 2010 --- debug: Input Library initialized
Wed Apr 28 06:51:02 -0500 2010 --- debug: Picombo Setup Complete
Wed Apr 28 06:51:03 -0500 2010 --- debug: Input Library initialized
Wed Apr 28 06:51:03 -0500 2010 --- debug: Picombo Setup Complete
Wed Apr 28 06:51:06 -0500 2010 --- debug: Input Library initialized
Wed Apr 28 06:51:06 -0500 2010 --- debug: Picombo Setup Complete
Wed Apr 28 06:51:07 -0500 2010 --- debug: Input Library initialized
Wed Apr 28 06:51:07 -0500 2010 --- debug: Picombo Setup Complete
Wed Apr 28 06:52:38 -0500 2010 --- debug: Input Library initialized
Wed Apr 28 06:52:38 -0500 2010 --- debug: Picombo Setup Complete
Wed Apr 28 06:52:38 -0500 2010 --- debug: Input Library initialized
Wed Apr 28 06:52:38 -0500 2010 --- debug: Picombo Setup Complete
Wed Apr 28 06:52:43 -0500 2010 --- debug: Input Library initialized
Wed Apr 28 06:52:43 -0500 2010 --- debug: Picombo Setup Complete
Wed Apr 28 06:52:47 -0500 2010 --- debug: Cleaning POST key: username
Wed Apr 28 06:52:47 -0500 2010 --- debug: Cleaning POST key: password
Wed Apr 28 06:52:47 -0500 2010 --- debug: Input Library initialized
Wed Apr 28 06:52:47 -0500 2010 --- debug: Picombo Setup Complete
Wed Apr 28 06:52:49 -0500 2010 --- debug: Input Library initialized
Wed Apr 28 06:52:49 -0500 2010 --- debug: Picombo Setup Complete
Wed Apr 28 06:58:16 -0500 2010 --- debug: Input Library initialized
Wed Apr 28 06:58:16 -0500 2010 --- debug: Picombo Setup Complete
Wed Apr 28 06:58:16 -0500 2010 --- debug: Input Library initialized
Wed Apr 28 06:58:16 -0500 2010 --- debug: Picombo Setup Complete
Wed Apr 28 06:58:23 -0500 2010 --- debug: Input Library initialized
Wed Apr 28 06:58:23 -0500 2010 --- debug: Picombo Setup Complete
Wed Apr 28 06:58:23 -0500 2010 --- debug: Input Library initialized
Wed Apr 28 06:58:23 -0500 2010 --- debug: Picombo Setup Complete
Wed Apr 28 06:58:26 -0500 2010 --- debug: Input Library initialized
Wed Apr 28 06:58:26 -0500 2010 --- debug: Picombo Setup Complete
Wed Apr 28 06:58:32 -0500 2010 --- debug: Cleaning POST key: username
Wed Apr 28 06:58:32 -0500 2010 --- debug: Cleaning POST key: password
Wed Apr 28 06:58:32 -0500 2010 --- debug: Input Library initialized
Wed Apr 28 06:58:32 -0500 2010 --- debug: Picombo Setup Complete
Wed Apr 28 06:58:34 -0500 2010 --- debug: Input Library initialized
Wed Apr 28 06:58:34 -0500 2010 --- debug: Picombo Setup Complete
Wed Apr 28 06:58:35 -0500 2010 --- debug: Input Library initialized
Wed Apr 28 06:58:35 -0500 2010 --- debug: Picombo Setup Complete
Wed Apr 28 06:58:50 -0500 2010 --- debug: Input Library initialized
Wed Apr 28 06:58:50 -0500 2010 --- debug: Picombo Setup Complete
Wed Apr 28 06:58:50 -0500 2010 --- debug: Input Library initialized
Wed Apr 28 06:58:50 -0500 2010 --- debug: Picombo Setup Complete
Wed Apr 28 06:59:09 -0500 2010 --- debug: Input Library initialized
Wed Apr 28 06:59:09 -0500 2010 --- debug: Picombo Setup Complete
Wed Apr 28 06:59:12 -0500 2010 --- debug: Cleaning POST key: body
Wed Apr 28 06:59:12 -0500 2010 --- debug: Input Library initialized
Wed Apr 28 06:59:12 -0500 2010 --- debug: Picombo Setup Complete
Wed Apr 28 06:59:13 -0500 2010 --- debug: Input Library initialized
Wed Apr 28 06:59:13 -0500 2010 --- debug: Picombo Setup Complete
Wed Apr 28 06:59:47 -0500 2010 --- debug: Input Library initialized
Wed Apr 28 06:59:47 -0500 2010 --- debug: Picombo Setup Complete
Wed Apr 28 07:00:05 -0500 2010 --- debug: Cleaning POST key: body
Wed Apr 28 07:00:05 -0500 2010 --- debug: Input Library initialized
Wed Apr 28 07:00:05 -0500 2010 --- debug: Picombo Setup Complete
Wed Apr 28 07:00:07 -0500 2010 --- debug: Input Library initialized
Wed Apr 28 07:00:07 -0500 2010 --- debug: Picombo Setup Complete
Wed Apr 28 07:01:11 -0500 2010 --- debug: Input Library initialized
Wed Apr 28 07:01:11 -0500 2010 --- debug: Picombo Setup Complete
Wed Apr 28 07:01:11 -0500 2010 --- debug: Input Library initialized
Wed Apr 28 07:01:11 -0500 2010 --- debug: Picombo Setup Complete
